<?xml version="1.0" encoding="UTF-8"?>
<testng-results ignored="0" total="1" passed="1" failed="0" skipped="0">
  <reporter-output>
  </reporter-output>
  <suite started-at="2024-10-05T23:03:41 IST" name="Default suite" finished-at="2024-10-05T23:04:35 IST" duration-ms="53779">
    <groups>
    </groups>
    <test started-at="2024-10-05T23:03:41 IST" name="Default test" finished-at="2024-10-05T23:04:35 IST" duration-ms="53779">
      <class name="SelenuimAssignmentVL.Assignment2.SelenuimAssignment">
        <test-method is-config="true" signature="setUp()[pri:0, instance:SelenuimAssignmentVL.Assignment2.SelenuimAssignment@74235045]" started-at="2024-10-05T23:03:41 IST" name="setUp" finished-at="2024-10-05T23:03:47 IST" duration-ms="6108" status="PASS">
          <reporter-output>
          </reporter-output>
        </test-method> <!-- setUp -->
        <test-method signature="amazonTest()[pri:0, instance:SelenuimAssignmentVL.Assignment2.SelenuimAssignment@74235045]" started-at="2024-10-05T23:03:47 IST" name="amazonTest" finished-at="2024-10-05T23:04:34 IST" duration-ms="47044" status="PASS">
          <reporter-output>
          </reporter-output>
        </test-method> <!-- amazonTest -->
        <test-method is-config="true" signature="tearDown()[pri:0, instance:SelenuimAssignmentVL.Assignment2.SelenuimAssignment@74235045]" started-at="2024-10-05T23:04:34 IST" name="tearDown" finished-at="2024-10-05T23:04:35 IST" duration-ms="560" status="PASS">
          <reporter-output>
          </reporter-output>
        </test-method> <!-- tearDown -->
      </class> <!-- SelenuimAssignmentVL.Assignment2.SelenuimAssignment -->
    </test> <!-- Default test -->
  </suite> <!-- Default suite -->
</testng-results>
